2011-11-08 00:28:56 Error: [MissingControllerException] Controller class UsuariosController could not be found.
#0 /srv/www/htdocs/inquilinato/webroot/index.php(93): Dispatcher->dispatch(Object(CakeRequest), Object(CakeResponse))
#1 {main}
2011-11-10 20:42:28 Error: [MissingTableException] Database table direcciones for model Direccion was not found.
#0 /home/pavel/bin/cakephp2000/lib/Cake/Model/Model.php(3236): Model->setSource('direcciones')
#1 /home/pavel/bin/cakephp2000/lib/Cake/Model/Model.php(1206): Model->getDataSource()
#2 /home/pavel/bin/cakephp2000/lib/Cake/Model/Model.php(1292): Model->schema()
#3 /home/pavel/bin/cakephp2000/lib/Cake/Model/Model.php(1278): Model->hasField('title', false)
#4 /home/pavel/bin/cakephp2000/lib/Cake/Model/Model.php(800): Model->hasField(Array)
#5 /home/pavel/bin/cakephp2000/lib/Cake/Model/Model.php(2602): Model->__get('displayField')
#6 /home/pavel/bin/cakephp2000/lib/Cake/Model/Model.php(2495): Model->_findList('before', Array)
#7 /home/pavel/bin/cakephp2000/lib/Cake/Model/Model.php(2453): Model->buildQuery('list', Array)
#8 /srv/www/htdocs/inquilinato/Controller/PersonasController.php(54): Model->find('list')
#9 [internal function]: PersonasController->add()
#10 /home/pavel/bin/cakephp2000/lib/Cake/Controller/Controller.php(473): ReflectionMethod->invokeArgs(Object(PersonasController), Array)
#11 /home/pavel/bin/cakephp2000/lib/Cake/Routing/Dispatcher.php(107): Controller->invokeAction(Object(CakeRequest))
#12 /home/pavel/bin/cakephp2000/lib/Cake/Routing/Dispatcher.php(89): Dispatcher->_invoke(Object(PersonasController), Object(CakeRequest), Object(CakeResponse))
#13 /srv/www/htdocs/inquilinato/webroot/index.php(93): Dispatcher->dispatch(Object(CakeRequest), Object(CakeResponse))
#14 {main}
2011-11-10 20:50:04 Error: [MissingViewException] View file "/srv/www/htdocs/inquilinato/View/Personas/add.ctp" is missing.
#0 /home/pavel/bin/cakephp2000/lib/Cake/View/View.php(363): View->_getViewFileName(NULL)
#1 /home/pavel/bin/cakephp2000/lib/Cake/Controller/Controller.php(899): View->render(NULL, NULL)
#2 /home/pavel/bin/cakephp2000/lib/Cake/Routing/Dispatcher.php(114): Controller->render()
#3 /home/pavel/bin/cakephp2000/lib/Cake/Routing/Dispatcher.php(89): Dispatcher->_invoke(Object(PersonasController), Object(CakeRequest), Object(CakeResponse))
#4 /srv/www/htdocs/inquilinato/webroot/index.php(93): Dispatcher->dispatch(Object(CakeRequest), Object(CakeResponse))
#5 {main}
2011-11-17 21:00:40 Error: [MissingControllerException] Controller class UsersController could not be found.
#0 /srv/www/htdocs/inquilinato/webroot/index.php(93): Dispatcher->dispatch(Object(CakeRequest), Object(CakeResponse))
#1 {main}
2011-11-17 21:01:54 Error: [MissingControllerException] Controller class UsersController could not be found.
#0 /srv/www/htdocs/inquilinato/webroot/index.php(93): Dispatcher->dispatch(Object(CakeRequest), Object(CakeResponse))
#1 {main}
2011-11-17 21:01:55 Error: [MissingControllerException] Controller class UsersController could not be found.
#0 /srv/www/htdocs/inquilinato/webroot/index.php(93): Dispatcher->dispatch(Object(CakeRequest), Object(CakeResponse))
#1 {main}
2011-11-17 21:01:56 Error: [MissingControllerException] Controller class UsersController could not be found.
#0 /srv/www/htdocs/inquilinato/webroot/index.php(93): Dispatcher->dispatch(Object(CakeRequest), Object(CakeResponse))
#1 {main}
2011-11-17 21:03:27 Error: [MissingControllerException] Controller class UsersController could not be found.
#0 /srv/www/htdocs/inquilinato/webroot/index.php(93): Dispatcher->dispatch(Object(CakeRequest), Object(CakeResponse))
#1 {main}
2011-11-17 21:03:36 Error: [MissingControllerException] Controller class UsersController could not be found.
#0 /srv/www/htdocs/inquilinato/webroot/index.php(93): Dispatcher->dispatch(Object(CakeRequest), Object(CakeResponse))
#1 {main}
2011-11-17 21:21:57 Error: [MissingControllerException] Controller class UsuarioController could not be found.
#0 /srv/www/htdocs/inquilinato/webroot/index.php(93): Dispatcher->dispatch(Object(CakeRequest), Object(CakeResponse))
#1 {main}
2011-11-17 21:22:09 Error: [MissingControllerException] Controller class UsersController could not be found.
#0 /srv/www/htdocs/inquilinato/webroot/index.php(93): Dispatcher->dispatch(Object(CakeRequest), Object(CakeResponse))
#1 {main}
2011-11-21 18:59:18 Error: [MissingControllerException] Controller class UsersController could not be found.
#0 /srv/www/htdocs/inquilinato/webroot/index.php(93): Dispatcher->dispatch(Object(CakeRequest), Object(CakeResponse))
#1 {main}
2011-11-21 19:01:09 Error: [MissingControllerException] Controller class UsersController could not be found.
#0 /srv/www/htdocs/inquilinato/webroot/index.php(93): Dispatcher->dispatch(Object(CakeRequest), Object(CakeResponse))
#1 {main}
2011-11-21 19:27:57 Error: [MissingActionException] Action UsersController::login() could not be found.
#0 /home/pavel/bin/cakephp2000/lib/Cake/Routing/Dispatcher.php(107): Controller->invokeAction(Object(CakeRequest))
#1 /home/pavel/bin/cakephp2000/lib/Cake/Routing/Dispatcher.php(89): Dispatcher->_invoke(Object(UsersController), Object(CakeRequest), Object(CakeResponse))
#2 /srv/www/htdocs/inquilinato/webroot/index.php(93): Dispatcher->dispatch(Object(CakeRequest), Object(CakeResponse))
#3 {main}
